# JRE version: Java(TM) SE Runtime Environment (8.0_201-b09) (build 1.8.0_201-b09)
# Java VM: Java HotSpot(TM) 64-Bit Server VM (25.201-b09 mixed mode windows-amd64 compressed oops)
Heap:
 PSYoungGen      total 484864K, used 19328K [0x00000000d5800000, 0x00000000f6100000, 0x0000000100000000)
  eden space 483840K, 3% used [0x00000000d5800000,0x00000000d6ae0188,0x00000000f3080000)
  from space 1024K, 0% used [0x00000000f6000000,0x00000000f6000000,0x00000000f6100000)
  to   space 18944K, 0% used [0x00000000f3c00000,0x00000000f3c00000,0x00000000f4e80000)
 ParOldGen       total 85504K, used 23160K [0x0000000080800000, 0x0000000085b80000, 0x00000000d5800000)
  object space 85504K, 27% used [0x0000000080800000,0x0000000081e9e378,0x0000000085b80000)
 Metaspace       used 21132K, capacity 21398K, committed 21504K, reserved 1069056K
  class space    used 2681K, capacity 2739K, committed 2816K, reserved 1048576K
GC Heap History (10 events):
Event: 3.992 GC heap before
{Heap before GC invocations=7 (full 0):
 PSYoungGen      total 284672K, used 271440K [0x00000000d5800000, 0x00000000e8000000, 0x0000000100000000)
  eden space 266240K, 100% used [0x00000000d5800000,0x00000000e5c00000,0x00000000e5c00000)
  from space 18432K, 28% used [0x00000000e6e00000,0x00000000e7314010,0x00000000e8000000)
  to   space 18432K, 0% used [0x00000000e5c00000,0x00000000e5c00000,0x00000000e6e00000)
 ParOldGen       total 87552K, used 25442K [0x0000000080800000, 0x0000000085d80000, 0x00000000d5800000)
  object space 87552K, 29% used [0x0000000080800000,0x00000000820d8820,0x0000000085d80000)
 Metaspace       used 20120K, capacity 20368K, committed 20608K, reserved 1067008K
  class space    used 2566K, capacity 2610K, committed 2688K, reserved 1048576K
Event: 4.003 GC heap after
Heap after GC invocations=7 (full 0):
 PSYoungGen      total 284672K, used 1728K [0x00000000d5800000, 0x00000000f8500000, 0x0000000100000000)
  eden space 266240K, 0% used [0x00000000d5800000,0x00000000d5800000,0x00000000e5c00000)
  from space 18432K, 9% used [0x00000000e5c00000,0x00000000e5db0000,0x00000000e6e00000)
  to   space 18944K, 0% used [0x00000000f7280000,0x00000000f7280000,0x00000000f8500000)
 ParOldGen       total 87552K, used 28944K [0x0000000080800000, 0x0000000085d80000, 0x00000000d5800000)
  object space 87552K, 33% used [0x0000000080800000,0x0000000082444360,0x0000000085d80000)
 Metaspace       used 20120K, capacity 20368K, committed 20608K, reserved 1067008K
  class space    used 2566K, capacity 2610K, committed 2688K, reserved 1048576K
}
Event: 4.828 GC heap before
{Heap before GC invocations=8 (full 0):
 PSYoungGen      total 284672K, used 267968K [0x00000000d5800000, 0x00000000f8500000, 0x0000000100000000)
  eden space 266240K, 100% used [0x00000000d5800000,0x00000000e5c00000,0x00000000e5c00000)
  from space 18432K, 9% used [0x00000000e5c00000,0x00000000e5db0000,0x00000000e6e00000)
  to   space 18944K, 0% used [0x00000000f7280000,0x00000000f7280000,0x00000000f8500000)
 ParOldGen       total 87552K, used 28944K [0x0000000080800000, 0x0000000085d80000, 0x00000000d5800000)
  object space 87552K, 33% used [0x0000000080800000,0x0000000082444360,0x0000000085d80000)
 Metaspace       used 20147K, capacity 20368K, committed 20608K, reserved 1067008K
  class space    used 2566K, capacity 2610K, committed 2688K, reserved 1048576K
Event: 4.830 GC heap after
Heap after GC invocations=8 (full 0):
 PSYoungGen      total 550912K, used 352K [0x00000000d5800000, 0x00000000f8600000, 0x0000000100000000)
  eden space 531968K, 0% used [0x00000000d5800000,0x00000000d5800000,0x00000000f5f80000)
  from space 18944K, 1% used [0x00000000f7280000,0x00000000f72d8000,0x00000000f8500000)
  to   space 19456K, 0% used [0x00000000f5f80000,0x00000000f5f80000,0x00000000f7280000)
 ParOldGen       total 87552K, used 30471K [0x0000000080800000, 0x0000000085d80000, 0x00000000d5800000)
  object space 87552K, 34% used [0x0000000080800000,0x00000000825c1eb8,0x0000000085d80000)
 Metaspace       used 20147K, capacity 20368K, committed 20608K, reserved 1067008K
  class space    used 2566K, capacity 2610K, committed 2688K, reserved 1048576K
}
Event: 6.578 GC heap before
{Heap before GC invocations=9 (full 0):
 PSYoungGen      total 550912K, used 532320K [0x00000000d5800000, 0x00000000f8600000, 0x0000000100000000)
  eden space 531968K, 100% used [0x00000000d5800000,0x00000000f5f80000,0x00000000f5f80000)
  from space 18944K, 1% used [0x00000000f7280000,0x00000000f72d8000,0x00000000f8500000)
  to   space 19456K, 0% used [0x00000000f5f80000,0x00000000f5f80000,0x00000000f7280000)
 ParOldGen       total 87552K, used 30471K [0x0000000080800000, 0x0000000085d80000, 0x00000000d5800000)
  object space 87552K, 34% used [0x0000000080800000,0x00000000825c1eb8,0x0000000085d80000)
 Metaspace       used 20155K, capacity 20368K, committed 20608K, reserved 1067008K
  class space    used 2566K, capacity 2610K, committed 2688K, reserved 1048576K
Event: 6.579 GC heap after
Heap after GC invocations=9 (full 0):
 PSYoungGen      total 507904K, used 288K [0x00000000d5800000, 0x00000000f7300000, 0x0000000100000000)
  eden space 507392K, 0% used [0x00000000d5800000,0x00000000d5800000,0x00000000f4780000)
  from space 512K, 56% used [0x00000000f5f80000,0x00000000f5fc8000,0x00000000f6000000)
  to   space 19456K, 0% used [0x00000000f6000000,0x00000000f6000000,0x00000000f7300000)
 ParOldGen       total 87552K, used 30591K [0x0000000080800000, 0x0000000085d80000, 0x00000000d5800000)
  object space 87552K, 34% used [0x0000000080800000,0x00000000825dfeb8,0x0000000085d80000)
 Metaspace       used 20155K, capacity 20368K, committed 20608K, reserved 1067008K
  class space    used 2566K, capacity 2610K, committed 2688K, reserved 1048576K
}
Event: 6.767 GC heap before
{Heap before GC invocations=10 (full 0):
 PSYoungGen      total 507904K, used 31034K [0x00000000d5800000, 0x00000000f7300000, 0x0000000100000000)
  eden space 507392K, 6% used [0x00000000d5800000,0x00000000d7606b88,0x00000000f4780000)
  from space 512K, 56% used [0x00000000f5f80000,0x00000000f5fc8000,0x00000000f6000000)
  to   space 19456K, 0% used [0x00000000f6000000,0x00000000f6000000,0x00000000f7300000)
 ParOldGen       total 87552K, used 30591K [0x0000000080800000, 0x0000000085d80000, 0x00000000d5800000)
  object space 87552K, 34% used [0x0000000080800000,0x00000000825dfeb8,0x0000000085d80000)
 Metaspace       used 20907K, capacity 21142K, committed 21248K, reserved 1067008K
  class space    used 2648K, capacity 2739K, committed 2816K, reserved 1048576K
Event: 6.768 GC heap after
Heap after GC invocations=10 (full 0):
 PSYoungGen      total 484864K, used 614K [0x00000000d5800000, 0x00000000f6100000, 0x0000000100000000)
  eden space 483840K, 0% used [0x00000000d5800000,0x00000000d5800000,0x00000000f3080000)
  from space 1024K, 59% used [0x00000000f6000000,0x00000000f6099920,0x00000000f6100000)
  to   space 18944K, 0% used [0x00000000f3c00000,0x00000000f3c00000,0x00000000f4e80000)
 ParOldGen       total 87552K, used 30759K [0x0000000080800000, 0x0000000085d80000, 0x00000000d5800000)
  object space 87552K, 35% used [0x0000000080800000,0x0000000082609eb8,0x0000000085d80000)
 Metaspace       used 20907K, capacity 21142K, committed 21248K, reserved 1067008K
  class space    used 2648K, capacity 2739K, committed 2816K, reserved 1048576K
}
Event: 6.768 GC heap before
{Heap before GC invocations=11 (full 1):
 PSYoungGen      total 484864K, used 614K [0x00000000d5800000, 0x00000000f6100000, 0x0000000100000000)
  eden space 483840K, 0% used [0x00000000d5800000,0x00000000d5800000,0x00000000f3080000)
  from space 1024K, 59% used [0x00000000f6000000,0x00000000f6099920,0x00000000f6100000)
  to   space 18944K, 0% used [0x00000000f3c00000,0x00000000f3c00000,0x00000000f4e80000)
 ParOldGen       total 87552K, used 30759K [0x0000000080800000, 0x0000000085d80000, 0x00000000d5800000)
  object space 87552K, 35% used [0x0000000080800000,0x0000000082609eb8,0x0000000085d80000)
 Metaspace       used 20907K, capacity 21142K, committed 21248K, reserved 1067008K
  class space    used 2648K, capacity 2739K, committed 2816K, reserved 1048576K
Event: 6.834 GC heap after
Heap after GC invocations=11 (full 1):
 PSYoungGen      total 484864K, used 0K [0x00000000d5800000, 0x00000000f6100000, 0x0000000100000000)
  eden space 483840K, 0% used [0x00000000d5800000,0x00000000d5800000,0x00000000f3080000)
  from space 1024K, 0% used [0x00000000f6000000,0x00000000f6000000,0x00000000f6100000)
  to   space 18944K, 0% used [0x00000000f3c00000,0x00000000f3c00000,0x00000000f4e80000)
 ParOldGen       total 85504K, used 23160K [0x0000000080800000, 0x0000000085b80000, 0x00000000d5800000)
  object space 85504K, 27% used [0x0000000080800000,0x0000000081e9e378,0x0000000085b80000)
 Metaspace       used 20907K, capacity 21142K, committed 21248K, reserved 1067008K
  class space    used 2648K, capacity 2739K, committed 2816K, reserved 1048576K
}

